#
# There is insufficient memory for the Java Runtime Environment to continue.
# Native memory allocation (malloc) failed to allocate 32744 bytes for ChunkPool::allocate
# Possible reasons:
#   The system is out of physical RAM or swap space
#   The process is running with CompressedOops enabled, and the Java Heap may be blocking the growth of the native heap
# Possible solutions:
#   Reduce memory load on the system
#   Increase physical memory or swap space
#   Check if swap backing store is full
#   Decrease Java heap size (-Xmx/-Xms)
#   Decrease number of Java threads
#   Decrease Java thread stack sizes (-Xss)
#   Set larger code cache with -XX:ReservedCodeCacheSize=
#   JVM is running with Unscaled Compressed Oops mode in which the Java heap is
#     placed in the first 4GB address space. The Java Heap base address is the
#     maximum limit for the native heap growth. Please use -XX:HeapBaseMinAddress
#     to set the Java Heap base and to place the Java Heap above 4GB virtual address.
# This output file may be truncated or incomplete.
#
#  Out of Memory Error (./src/hotspot/share/memory/arena.cpp:81), pid=2560, tid=1940
#
# JRE version: OpenJDK Runtime Environment (11.0.11+9) (build 11.0.11+9-b60-7590822)
# Java VM: OpenJDK 64-Bit Server VM (11.0.11+9-b60-7590822, mixed mode, tiered, compressed oops, g1 gc, windows-amd64)
# No core dump will be written. Minidumps are not enabled by default on client versions of Windows
#

---------------  S U M M A R Y ------------

Command Line: --add-opens=java.base/java.util=ALL-UNNAMED --add-opens=java.base/java.lang=ALL-UNNAMED --add-opens=java.base/java.lang.invoke=ALL-UNNAMED --add-opens=java.base/java.util=ALL-UNNAMED --add-opens=java.prefs/java.util.prefs=ALL-UNNAMED --add-opens=java.prefs/java.util.prefs=ALL-UNNAMED --add-opens=java.base/java.nio.charset=ALL-UNNAMED --add-opens=java.base/java.net=ALL-UNNAMED --add-opens=java.base/java.util.concurrent.atomic=ALL-UNNAMED -Xmx2048m -Dfile.encoding=UTF-8 -Duser.country=RU -Duser.language=ru -Duser.variant org.gradle.launcher.daemon.bootstrap.GradleDaemon 7.2

Host: Intel(R) Pentium(R) CPU B960 @ 2.20GHz, 2 cores, 7G,  Windows 7 , 64 bit Build 7601 (6.1.7601.19018)
Time: Wed Oct  5 00:20:21 2022 Aaea?onu (ceia) elapsed time: 143.080526 seconds (0d 0h 2m 23s)

---------------  T H R E A D  ---------------

Current thread (0x000000005d4ac000):  JavaThread "C2 CompilerThread0" daemon [_thread_in_native, id=1940, stack(0x000000005dd80000,0x000000005de80000)]


Current CompileTask:
C2: 143080 16148       4       androidx.room.jarjarred.org.antlr.v4.runtime.atn.ParserATNSimulator::closure_ (312 bytes)

Stack: [0x000000005dd80000,0x000000005de80000]
Native frames: (J=compiled Java code, j=interpreted, Vv=VM code, C=native code)
V  [jvm.dll+0x5f214a]
V  [jvm.dll+0x726fb5]
V  [jvm.dll+0x7285cd]
V  [jvm.dll+0x728c83]
V  [jvm.dll+0x243278]
V  [jvm.dll+0xbc78b]
V  [jvm.dll+0xbca3c]
V  [jvm.dll+0xbc638]
V  [jvm.dll+0x5d14e0]
V  [jvm.dll+0x62212e]
V  [jvm.dll+0x198a28]
V  [jvm.dll+0x1fc2ee]
V  [jvm.dll+0x1fb3d4]
V  [jvm.dll+0x183d6c]
V  [jvm.dll+0x209a57]
V  [jvm.dll+0x2082a1]
V  [jvm.dll+0x6ef58f]
V  [jvm.dll+0x6e80b5]
V  [jvm.dll+0x5f1036]
C  [ucrtbase.DLL+0x6be1d]
C  [kernel32.dll+0x15a4d]
C  [ntdll.dll+0x2b831]


---------------  P R O C E S S  ---------------

Threads class SMR info:
_java_thread_list=0x0000000060b13ff0, length=28, elements={
0x00000000002a2000, 0x000000005d486000, 0x000000005d487800, 0x000000005d49a800,
0x000000005d49f800, 0x000000005d4a9800, 0x000000005d4ac000, 0x000000005d519800,
0x000000005d51a000, 0x000000005d56b000, 0x0000000060ace000, 0x00000000602ed000,
0x0000000060c4b000, 0x0000000060a36000, 0x0000000060ad0800, 0x0000000060ad8000,
0x0000000060ad9000, 0x0000000060ada000, 0x0000000060ade000, 0x000000006351a000,
0x000000006351b000, 0x000000006351c800, 0x0000000063c58000, 0x000000006ac80800,
0x000000006ac82000, 0x000000006ac83000, 0x000000006ac83800, 0x000000006660a000
}

Java Threads: ( => current thread )
  0x00000000002a2000 JavaThread "main" [_thread_blocked, id=4776, stack(0x0000000002070000,0x0000000002170000)]
  0x000000005d486000 JavaThread "Reference Handler" daemon [_thread_blocked, id=2228, stack(0x000000001c7f0000,0x000000001c8f0000)]
  0x000000005d487800 JavaThread "Finalizer" daemon [_thread_blocked, id=4360, stack(0x000000005d810000,0x000000005d910000)]
  0x000000005d49a800 JavaThread "Signal Dispatcher" daemon [_thread_blocked, id=2192, stack(0x000000005da10000,0x000000005db10000)]
  0x000000005d49f800 JavaThread "Attach Listener" daemon [_thread_blocked, id=4420, stack(0x000000005db80000,0x000000005dc80000)]
  0x000000005d4a9800 JavaThread "Service Thread" daemon [_thread_blocked, id=4352, stack(0x000000005d910000,0x000000005da10000)]
=>0x000000005d4ac000 JavaThread "C2 CompilerThread0" daemon [_thread_in_native, id=1940, stack(0x000000005dd80000,0x000000005de80000)]
  0x000000005d519800 JavaThread "C1 CompilerThread0" daemon [_thread_blocked, id=3140, stack(0x000000005df30000,0x000000005e030000)]
  0x000000005d51a000 JavaThread "Sweeper thread" daemon [_thread_blocked, id=2512, stack(0x000000005e1a0000,0x000000005e2a0000)]
  0x000000005d56b000 JavaThread "Common-Cleaner" daemon [_thread_blocked, id=4204, stack(0x000000005e7b0000,0x000000005e8b0000)]
  0x0000000060ace000 JavaThread "Daemon health stats" [_thread_blocked, id=4916, stack(0x0000000061a30000,0x0000000061b30000)]
  0x00000000602ed000 JavaThread "Incoming local TCP Connector on port 51821" [_thread_in_native, id=712, stack(0x0000000061d20000,0x0000000061e20000)]
  0x0000000060c4b000 JavaThread "Daemon" [_thread_blocked, id=4628, stack(0x000000005e070000,0x000000005e170000)]
  0x0000000060a36000 JavaThread "Daemon periodic checks" [_thread_blocked, id=3760, stack(0x0000000062140000,0x0000000062240000)]
  0x0000000060ad0800 JavaThread "Daemon worker" [_thread_blocked, id=4624, stack(0x000000005e6a0000,0x000000005e7a0000)]
  0x0000000060ad8000 JavaThread "Cache worker for journal cache (C:\Users\Виндика\.gradle\caches\journal-1)" [_thread_blocked, id=1428, stack(0x0000000062ba0000,0x0000000062ca0000)]
  0x0000000060ad9000 JavaThread "File lock request listener" [_thread_in_native, id=4876, stack(0x0000000062710000,0x0000000062810000)]
  0x0000000060ada000 JavaThread "Cache worker for file hash cache (C:\Users\Виндика\.gradle\caches\7.2\fileHashes)" [_thread_blocked, id=4396, stack(0x0000000062cc0000,0x0000000062dc0000)]
  0x0000000060ade000 JavaThread "Cache worker for execution history cache (C:\Users\Виндика\.gradle\caches\7.2\executionHistory)" [_thread_blocked, id=3744, stack(0x0000000064c10000,0x0000000064d10000)]
  0x000000006351a000 JavaThread "jar transforms" [_thread_blocked, id=3476, stack(0x0000000065830000,0x0000000065930000)]
  0x000000006351b000 JavaThread "Cache worker for file content cache (C:\Users\Виндика\.gradle\caches\7.2\fileContent)" [_thread_blocked, id=4376, stack(0x0000000065620000,0x0000000065720000)]
  0x000000006351c800 JavaThread "jar transforms Thread 2" [_thread_blocked, id=2468, stack(0x0000000065c00000,0x0000000065d00000)]
  0x0000000063c58000 JavaThread "Memory manager" [_thread_blocked, id=4436, stack(0x0000000069b10000,0x0000000069c10000)]
  0x000000006ac80800 JavaThread "RMI Scheduler(0)" daemon [_thread_blocked, id=5160, stack(0x0000000065720000,0x0000000065820000)]
  0x000000006ac82000 JavaThread "RMI GC Daemon" daemon [_thread_blocked, id=5168, stack(0x00000000625f0000,0x00000000626f0000)]
  0x000000006ac83000 JavaThread "RMI TCP Accept-0" daemon [_thread_in_native, id=5176, stack(0x000000006c770000,0x000000006c870000)]
  0x000000006ac83800 JavaThread "RMI Reaper" [_thread_blocked, id=5180, stack(0x0000000069e20000,0x0000000069f20000)]
  0x000000006660a000 JavaThread "RMI TCP Connection(2)-127.0.0.1" daemon [_thread_in_native, id=5188, stack(0x000000006d640000,0x000000006d740000)]

Other Threads:
  0x000000005d47e800 VMThread "VM Thread" [stack: 0x000000005d580000,0x000000005d680000] [id=3916]
  0x000000005e3c7800 WatcherThread [stack: 0x000000005e940000,0x000000005ea40000] [id=4540]
  0x00000000002ba000 GCTaskThread "GC Thread#0" [stack: 0x00000000152a0000,0x00000000153a0000] [id=3396]
  0x000000005e51d000 GCTaskThread "GC Thread#1" [stack: 0x000000005eb50000,0x000000005ec50000] [id=3684]
  0x00000000002e9800 ConcurrentGCThread "G1 Main Marker" [stack: 0x000000001a200000,0x000000001a300000] [id=4568]
  0x00000000002eb000 ConcurrentGCThread "G1 Conc#0" [stack: 0x000000001a390000,0x000000001a490000] [id=2332]
  0x000000000033f800 ConcurrentGCThread "G1 Refine#0" [stack: 0x000000001c910000,0x000000001ca10000] [id=4832]
  0x000000001c6df000 ConcurrentGCThread "G1 Young RemSet Sampling" [stack: 0x000000001ca80000,0x000000001cb80000] [id=2652]

Threads with active compile tasks:
C2 CompilerThread0 147331 16148       4       androidx.room.jarjarred.org.antlr.v4.runtime.atn.ParserATNSimulator::closure_ (312 bytes)

VM state:not at safepoint (normal execution)

VM Mutex/Monitor currently owned by a thread: None

OutOfMemory and StackOverflow Exception counts:
OutOfMemoryError java_heap_errors=3
LinkageErrors=168

Heap address: 0x0000000080000000, size: 2048 MB, Compressed Oops mode: 32-bit
Narrow klass base: 0x0000000000000000, Narrow klass shift: 0
Compressed class space size: 1073741824 Address: 0x000000001cb80000

Heap:
 garbage-first heap   total 262144K, used 157852K [0x0000000080000000, 0x0000000100000000)
  region size 1024K, 20 young (20480K), 5 survivors (5120K)
 Metaspace       used 129898K, capacity 132759K, committed 132956K, reserved 1165312K
  class space    used 15905K, capacity 16968K, committed 16972K, reserved 1048576K
Heap Regions: E=young(eden), S=young(survivor), O=old, HS=humongous(starts), HC=humongous(continues), CS=collection set, F=free, A=archive, TAMS=top-at-mark-start (previous, next)
|   0|0x0000000080000000, 0x0000000080100000, 0x0000000080100000|100%| O|  |TAMS 0x0000000080100000, 0x0000000080000000| Untracked 
|   1|0x0000000080100000, 0x0000000080200000, 0x0000000080200000|100%| O|  |TAMS 0x0000000080200000, 0x0000000080100000| Complete 
|   2|0x0000000080200000, 0x0000000080300000, 0x0000000080300000|100%| O|  |TAMS 0x0000000080300000, 0x0000000080200000| Untracked 
|   3|0x0000000080300000, 0x0000000080400000, 0x0000000080400000|100%| O|  |TAMS 0x0000000080400000, 0x0000000080300000| Untracked 
|   4|0x0000000080400000, 0x0000000080500000, 0x0000000080500000|100%|HS|  |TAMS 0x0000000080500000, 0x0000000080400000| Complete 
|   5|0x0000000080500000, 0x0000000080600000, 0x0000000080600000|100%|HC|  |TAMS 0x0000000080600000, 0x0000000080500000| Complete 
|   6|0x0000000080600000, 0x0000000080700000, 0x0000000080700000|100%|HC|  |TAMS 0x0000000080700000, 0x0000000080600000| Complete 
|   7|0x0000000080700000, 0x0000000080800000, 0x0000000080800000|100%| O|  |TAMS 0x0000000080800000, 0x0000000080700000| Untracked 
|   8|0x0000000080800000, 0x0000000080900000, 0x0000000080900000|100%| O|  |TAMS 0x0000000080900000, 0x0000000080800000| Untracked 
|   9|0x0000000080900000, 0x0000000080a00000, 0x0000000080a00000|100%| O|  |TAMS 0x0000000080a00000, 0x0000000080900000| Untracked 
|  10|0x0000000080a00000, 0x0000000080b00000, 0x0000000080b00000|100%| O|  |TAMS 0x0000000080b00000, 0x0000000080a00000| Untracked 
|  11|0x0000000080b00000, 0x0000000080c00000, 0x0000000080c00000|100%| O|  |TAMS 0x0000000080c00000, 0x0000000080b00000| Complete 
|  12|0x0000000080c00000, 0x0000000080d00000, 0x0000000080d00000|100%| O|  |TAMS 0x0000000080d00000, 0x0000000080c00000| Untracked 
|  13|0x0000000080d00000, 0x0000000080e00000, 0x0000000080e00000|100%| O|  |TAMS 0x0000000080e00000, 0x0000000080d00000| Untracked 
|  14|0x0000000080e00000, 0x0000000080f00000, 0x0000000080f00000|100%| O|  |TAMS 0x0000000080f00000, 0x0000000080e00000| Untracked 
|  15|0x0000000080f00000, 0x0000000081000000, 0x0000000081000000|100%| O|  |TAMS 0x0000000081000000, 0x0000000080f00000| Untracked 
|  16|0x0000000081000000, 0x0000000081100000, 0x0000000081100000|100%| O|  |TAMS 0x0000000081100000, 0x0000000081000000| Untracked 
|  17|0x0000000081100000, 0x0000000081200000, 0x0000000081200000|100%| O|  |TAMS 0x0000000081200000, 0x0000000081100000| Untracked 
|  18|0x0000000081200000, 0x0000000081300000, 0x0000000081300000|100%| O|  |TAMS 0x0000000081300000, 0x0000000081200000| Untracked 
|  19|0x0000000081300000, 0x0000000081400000, 0x0000000081400000|100%| O|  |TAMS 0x0000000081400000, 0x0000000081300000| Untracked 
|  20|0x0000000081400000, 0x0000000081500000, 0x0000000081500000|100%| O|  |TAMS 0x0000000081500000, 0x0000000081400000| Untracked 
|  21|0x0000000081500000, 0x0000000081600000, 0x0000000081600000|100%| O|  |TAMS 0x0000000081600000, 0x0000000081500000| Untracked 
|  22|0x0000000081600000, 0x0000000081700000, 0x0000000081700000|100%| O|  |TAMS 0x0000000081700000, 0x0000000081600000| Complete 
|  23|0x0000000081700000, 0x0000000081800000, 0x0000000081800000|100%| O|  |TAMS 0x0000000081800000, 0x0000000081700000| Untracked 
|  24|0x0000000081800000, 0x0000000081900000, 0x0000000081900000|100%| O|  |TAMS 0x0000000081900000, 0x0000000081800000| Untracked 
|  25|0x0000000081900000, 0x0000000081a00000, 0x0000000081a00000|100%| O|  |TAMS 0x0000000081a00000, 0x0000000081900000| Untracked 
|  26|0x0000000081a00000, 0x0000000081b00000, 0x0000000081b00000|100%| O|  |TAMS 0x0000000081b00000, 0x0000000081a00000| Complete 
|  27|0x0000000081b00000, 0x0000000081c00000, 0x0000000081c00000|100%| O|  |TAMS 0x0000000081c00000, 0x0000000081b00000| Untracked 
|  28|0x0000000081c00000, 0x0000000081d00000, 0x0000000081d00000|100%| O|  |TAMS 0x0000000081d00000, 0x0000000081c00000| Untracked 
|  29|0x0000000081d00000, 0x0000000081e00000, 0x0000000081e00000|100%|HS|  |TAMS 0x0000000081e00000, 0x0000000081d00000| Complete 
|  30|0x0000000081e00000, 0x0000000081f00000, 0x0000000081f00000|100%|HS|  |TAMS 0x0000000081f00000, 0x0000000081e00000| Complete 
|  31|0x0000000081f00000, 0x0000000082000000, 0x0000000082000000|100%|HS|  |TAMS 0x0000000082000000, 0x0000000081f00000| Complete 
|  32|0x0000000082000000, 0x0000000082100000, 0x0000000082100000|100%|HS|  |TAMS 0x0000000082100000, 0x0000000082000000| Complete 
|  33|0x0000000082100000, 0x0000000082200000, 0x0000000082200000|100%|HS|  |TAMS 0x0000000082200000, 0x0000000082100000| Complete 
|  34|0x0000000082200000, 0x0000000082300000, 0x0000000082300000|100%|HC|  |TAMS 0x0000000082300000, 0x0000000082200000| Complete 
|  35|0x0000000082300000, 0x0000000082400000, 0x0000000082400000|100%|HC|  |TAMS 0x0000000082400000, 0x0000000082300000| Complete 
|  36|0x0000000082400000, 0x0000000082500000, 0x0000000082500000|100%|HS|  |TAMS 0x0000000082500000, 0x0000000082400000| Complete 
|  37|0x0000000082500000, 0x0000000082600000, 0x0000000082600000|100%|HC|  |TAMS 0x0000000082600000, 0x0000000082500000| Complete 
|  38|0x0000000082600000, 0x0000000082700000, 0x0000000082700000|100%| O|  |TAMS 0x0000000082700000, 0x0000000082600000| Untracked 
|  39|0x0000000082700000, 0x0000000082800000, 0x0000000082800000|100%| O|  |TAMS 0x0000000082800000, 0x0000000082700000| Untracked 
|  40|0x0000000082800000, 0x0000000082900000, 0x0000000082900000|100%| O|  |TAMS 0x0000000082900000, 0x0000000082800000| Untracked 
|  41|0x0000000082900000, 0x0000000082a00000, 0x0000000082a00000|100%| O|  |TAMS 0x0000000082a00000, 0x0000000082900000| Complete 
|  42|0x0000000082a00000, 0x0000000082a00000, 0x0000000082b00000|  0%| F|  |TAMS 0x0000000082a00000, 0x0000000082a00000| Untracked 
|  43|0x0000000082b00000, 0x0000000082c00000, 0x0000000082c00000|100%| O|  |TAMS 0x0000000082c00000, 0x0000000082b00000| Complete 
|  44|0x0000000082c00000, 0x0000000082d00000, 0x0000000082d00000|100%| O|  |TAMS 0x0000000082d00000, 0x0000000082c00000| Untracked 
|  45|0x0000000082d00000, 0x0000000082e00000, 0x0000000082e00000|100%| O|  |TAMS 0x0000000082e00000, 0x0000000082d00000| Untracked 
|  46|0x0000000082e00000, 0x0000000082f00000, 0x0000000082f00000|100%| O|  |TAMS 0x0000000082f00000, 0x0000000082e00000| Untracked 
|  47|0x0000000082f00000, 0x0000000083000000, 0x0000000083000000|100%| O|  |TAMS 0x0000000083000000, 0x0000000082f00000| Untracked 
|  48|0x0000000083000000, 0x0000000083100000, 0x0000000083100000|100%| O|  |TAMS 0x0000000083100000, 0x0000000083000000| Untracked 
|  49|0x0000000083100000, 0x0000000083200000, 0x0000000083200000|100%| O|  |TAMS 0x0000000083200000, 0x0000000083100000| Untracked 
|  50|0x0000000083200000, 0x0000000083300000, 0x0000000083300000|100%| O|  |TAMS 0x0000000083300000, 0x0000000083200000| Untracked 
|  51|0x0000000083300000, 0x0000000083400000, 0x0000000083400000|100%| O|  |TAMS 0x0000000083400000, 0x0000000083300000| Complete 
|  52|0x0000000083400000, 0x0000000083500000, 0x0000000083500000|100%| O|  |TAMS 0x0000000083500000, 0x0000000083400000| Complete 
|  53|0x0000000083500000, 0x0000000083600000, 0x0000000083600000|100%| O|  |TAMS 0x0000000083600000, 0x0000000083500000| Untracked 
|  54|0x0000000083600000, 0x0000000083700000, 0x0000000083700000|100%| O|  |TAMS 0x0000000083700000, 0x0000000083600000| Untracked 
|  55|0x0000000083700000, 0x0000000083800000, 0x0000000083800000|100%| O|  |TAMS 0x0000000083800000, 0x0000000083700000| Untracked 
|  56|0x0000000083800000, 0x0000000083900000, 0x0000000083900000|100%| O|  |TAMS 0x0000000083900000, 0x0000000083800000| Untracked 
|  57|0x0000000083900000, 0x0000000083a00000, 0x0000000083a00000|100%| O|  |TAMS 0x0000000083a00000, 0x0000000083900000| Untracked 
|  58|0x0000000083a00000, 0x0000000083b00000, 0x0000000083b00000|100%| O|  |TAMS 0x0000000083b00000, 0x0000000083a00000| Untracked 
|  59|0x0000000083b00000, 0x0000000083c00000, 0x0000000083c00000|100%| O|  |TAMS 0x0000000083c00000, 0x0000000083b00000| Untracked 
|  60|0x0000000083c00000, 0x0000000083d00000, 0x0000000083d00000|100%| O|  |TAMS 0x0000000083d00000, 0x0000000083c00000| Untracked 
|  61|0x0000000083d00000, 0x0000000083e00000, 0x0000000083e00000|100%| O|  |TAMS 0x0000000083e00000, 0x0000000083d00000| Untracked 
|  62|0x0000000083e00000, 0x0000000083f00000, 0x0000000083f00000|100%| O|  |TAMS 0x0000000083f00000, 0x0000000083e00000| Untracked 
|  63|0x0000000083f00000, 0x0000000084000000, 0x0000000084000000|100%| O|  |TAMS 0x0000000084000000, 0x0000000083f00000| Untracked 
|  64|0x0000000084000000, 0x0000000084100000, 0x0000000084100000|100%| O|  |TAMS 0x0000000084100000, 0x0000000084000000| Complete 
|  65|0x0000000084100000, 0x0000000084200000, 0x0000000084200000|100%| O|  |TAMS 0x0000000084200000, 0x0000000084100000| Untracked 
|  66|0x0000000084200000, 0x0000000084300000, 0x0000000084300000|100%| O|  |TAMS 0x0000000084300000, 0x0000000084200000| Complete 
|  67|0x0000000084300000, 0x0000000084400000, 0x0000000084400000|100%| O|  |TAMS 0x0000000084400000, 0x0000000084300000| Untracked 
|  68|0x0000000084400000, 0x0000000084500000, 0x0000000084500000|100%| O|  |TAMS 0x0000000084500000, 0x0000000084400000| Untracked 
|  69|0x0000000084500000, 0x0000000084600000, 0x0000000084600000|100%| O|  |TAMS 0x0000000084600000, 0x0000000084500000| Complete 
|  70|0x0000000084600000, 0x0000000084700000, 0x0000000084700000|100%| O|  |TAMS 0x0000000084700000, 0x0000000084600000| Complete 
|  71|0x0000000084700000, 0x0000000084700000, 0x0000000084800000|  0%| F|  |TAMS 0x0000000084700000, 0x0000000084700000| Untracked 
|  72|0x0000000084800000, 0x0000000084900000, 0x0000000084900000|100%| O|  |TAMS 0x0000000084900000, 0x0000000084800000| Untracked 
|  73|0x0000000084900000, 0x0000000084a00000, 0x0000000084a00000|100%| O|  |TAMS 0x0000000084a00000, 0x0000000084900000| Untracked 
|  74|0x0000000084a00000, 0x0000000084b00000, 0x0000000084b00000|100%| O|  |TAMS 0x0000000084b00000, 0x0000000084a00000| Untracked 
|  75|0x0000000084b00000, 0x0000000084c00000, 0x0000000084c00000|100%| O|  |TAMS 0x0000000084c00000, 0x0000000084b00000| Untracked 
|  76|0x0000000084c00000, 0x0000000084d00000, 0x0000000084d00000|100%| O|  |TAMS 0x0000000084d00000, 0x0000000084c00000| Complete 
|  77|0x0000000084d00000, 0x0000000084d00000, 0x0000000084e00000|  0%| F|  |TAMS 0x0000000084d00000, 0x0000000084d00000| Untracked 
|  78|0x0000000084e00000, 0x0000000084f00000, 0x0000000084f00000|100%| O|  |TAMS 0x0000000084f00000, 0x0000000084e00000| Complete 
|  79|0x0000000084f00000, 0x0000000085000000, 0x0000000085000000|100%| O|  |TAMS 0x0000000085000000, 0x0000000084f00000| Untracked 
|  80|0x0000000085000000, 0x0000000085100000, 0x0000000085100000|100%| O|  |TAMS 0x0000000085100000, 0x0000000085000000| Complete 
|  81|0x0000000085100000, 0x0000000085100000, 0x0000000085200000|  0%| F|  |TAMS 0x0000000085100000, 0x0000000085100000| Untracked 
|  82|0x0000000085200000, 0x0000000085300000, 0x0000000085300000|100%| O|  |TAMS 0x0000000085300000, 0x0000000085200000| Untracked 
|  83|0x0000000085300000, 0x0000000085400000, 0x0000000085400000|100%| O|  |TAMS 0x0000000085400000, 0x0000000085300000| Complete 
|  84|0x0000000085400000, 0x0000000085500000, 0x0000000085500000|100%| O|  |TAMS 0x0000000085500000, 0x0000000085400000| Untracked 
|  85|0x0000000085500000, 0x0000000085600000, 0x0000000085600000|100%| O|  |TAMS 0x0000000085600000, 0x0000000085500000| Complete 
|  86|0x0000000085600000, 0x0000000085700000, 0x0000000085700000|100%| O|  |TAMS 0x0000000085700000, 0x0000000085600000| Complete 
|  87|0x0000000085700000, 0x0000000085700000, 0x0000000085800000|  0%| F|  |TAMS 0x0000000085700000, 0x0000000085700000| Untracked 
|  88|0x0000000085800000, 0x0000000085900000, 0x0000000085900000|100%| O|  |TAMS 0x0000000085900000, 0x0000000085800000| Untracked 
|  89|0x0000000085900000, 0x0000000085a00000, 0x0000000085a00000|100%| O|  |TAMS 0x0000000085a00000, 0x0000000085900000| Complete 
|  90|0x0000000085a00000, 0x0000000085b00000, 0x0000000085b00000|100%| O|  |TAMS 0x0000000085b00000, 0x0000000085a00000| Complete 
|  91|0x0000000085b00000, 0x0000000085c00000, 0x0000000085c00000|100%| O|  |TAMS 0x0000000085c00000, 0x0000000085b00000| Untracked 
|  92|0x0000000085c00000, 0x0000000085d00000, 0x0000000085d00000|100%| O|  |TAMS 0x0000000085d00000, 0x0000000085c00000| Complete 
|  93|0x0000000085d00000, 0x0000000085e00000, 0x0000000085e00000|100%| O|  |TAMS 0x0000000085e00000, 0x0000000085d00000| Untracked 
|  94|0x0000000085e00000, 0x0000000085f00000, 0x0000000085f00000|100%| O|  |TAMS 0x0000000085f00000, 0x0000000085e00000| Complete 
|  95|0x0000000085f00000, 0x0000000086000000, 0x0000000086000000|100%| O|  |TAMS 0x0000000086000000, 0x0000000085f00000| Untracked 
|  96|0x0000000086000000, 0x0000000086100000, 0x0000000086100000|100%| O|  |TAMS 0x0000000086100000, 0x0000000086000000| Untracked 
|  97|0x0000000086100000, 0x0000000086200000, 0x0000000086200000|100%| O|  |TAMS 0x0000000086200000, 0x0000000086100000| Untracked 
|  98|0x0000000086200000, 0x0000000086300000, 0x0000000086300000|100%| O|  |TAMS 0x0000000086300000, 0x0000000086200000| Complete 
|  99|0x0000000086300000, 0x0000000086400000, 0x0000000086400000|100%| O|  |TAMS 0x0000000086400000, 0x0000000086300000| Complete 
| 100|0x0000000086400000, 0x0000000086500000, 0x0000000086500000|100%| O|  |TAMS 0x0000000086500000, 0x0000000086400000| Untracked 
| 101|0x0000000086500000, 0x0000000086600000, 0x0000000086600000|100%| O|  |TAMS 0x0000000086600000, 0x0000000086500000| Complete 
| 102|0x0000000086600000, 0x0000000086700000, 0x0000000086700000|100%| O|  |TAMS 0x0000000086700000, 0x0000000086600000| Complete 
| 103|0x0000000086700000, 0x0000000086800000, 0x0000000086800000|100%| O|  |TAMS 0x0000000086800000, 0x0000000086700000| Untracked 
| 104|0x0000000086800000, 0x0000000086900000, 0x0000000086900000|100%| O|  |TAMS 0x0000000086900000, 0x0000000086800000| Complete 
| 105|0x0000000086900000, 0x0000000086a00000, 0x0000000086a00000|100%| O|  |TAMS 0x0000000086a00000, 0x0000000086900000| Untracked 
| 106|0x0000000086a00000, 0x0000000086b00000, 0x0000000086b00000|100%| O|  |TAMS 0x0000000086b00000, 0x0000000086a00000| Untracked 
| 107|0x0000000086b00000, 0x0000000086c00000, 0x0000000086c00000|100%| O|  |TAMS 0x0000000086c00000, 0x0000000086b00000| Untracked 
| 108|0x0000000086c00000, 0x0000000086d00000, 0x0000000086d00000|100%| O|  |TAMS 0x0000000086d00000, 0x0000000086c00000| Complete 
| 109|0x0000000086d00000, 0x0000000086e00000, 0x0000000086e00000|100%| O|  |TAMS 0x0000000086e00000, 0x0000000086d00000| Untracked 
| 110|0x0000000086e00000, 0x0000000086f00000, 0x0000000086f00000|100%| O|  |TAMS 0x0000000086f00000, 0x0000000086e00000| Untracked 
| 111|0x0000000086f00000, 0x0000000087000000, 0x0000000087000000|100%| O|  |TAMS 0x0000000087000000, 0x0000000086f00000| Untracked 
| 112|0x0000000087000000, 0x0000000087100000, 0x0000000087100000|100%| O|  |TAMS 0x0000000087100000, 0x0000000087000000| Complete 
| 113|0x0000000087100000, 0x0000000087200000, 0x0000000087200000|100%| O|  |TAMS 0x0000000087200000, 0x0000000087100000| Untracked 
| 114|0x0000000087200000, 0x0000000087300000, 0x0000000087300000|100%| O|  |TAMS 0x0000000087300000, 0x0000000087200000| Untracked 
| 115|0x0000000087300000, 0x0000000087400000, 0x0000000087400000|100%| O|  |TAMS 0x0000000087400000, 0x0000000087300000| Untracked 
| 116|0x0000000087400000, 0x0000000087500000, 0x0000000087500000|100%| O|  |TAMS 0x0000000087500000, 0x0000000087400000| Untracked 
| 117|0x0000000087500000, 0x0000000087600000, 0x0000000087600000|100%| O|  |TAMS 0x0000000087600000, 0x0000000087500000| Untracked 
| 118|0x0000000087600000, 0x0000000087700000, 0x0000000087700000|100%| O|  |TAMS 0x0000000087700000, 0x0000000087600000| Untracked 
| 119|0x0000000087700000, 0x0000000087800000, 0x0000000087800000|100%| O|  |TAMS 0x0000000087800000, 0x0000000087700000| Untracked 
| 120|0x0000000087800000, 0x0000000087900000, 0x0000000087900000|100%| O|  |TAMS 0x0000000087900000, 0x0000000087800000| Untracked 
| 121|0x0000000087900000, 0x0000000087a00000, 0x0000000087a00000|100%| O|  |TAMS 0x0000000087a00000, 0x0000000087900000| Untracked 
| 122|0x0000000087a00000, 0x0000000087b00000, 0x0000000087b00000|100%| O|  |TAMS 0x0000000087b00000, 0x0000000087a00000| Untracked 
| 123|0x0000000087b00000, 0x0000000087c00000, 0x0000000087c00000|100%| O|  |TAMS 0x0000000087c00000, 0x0000000087b00000| Untracked 
| 124|0x0000000087c00000, 0x0000000087d00000, 0x0000000087d00000|100%| O|  |TAMS 0x0000000087d00000, 0x0000000087c00000| Complete 
| 125|0x0000000087d00000, 0x0000000087e00000, 0x0000000087e00000|100%|HS|  |TAMS 0x0000000087e00000, 0x0000000087d00000| Complete 
| 126|0x0000000087e00000, 0x0000000087f00000, 0x0000000087f00000|100%|HC|  |TAMS 0x0000000087f00000, 0x0000000087e00000| Complete 
| 127|0x0000000087f00000, 0x0000000088000000, 0x0000000088000000|100%|HC|  |TAMS 0x0000000088000000, 0x0000000087f00000| Complete 
| 128|0x0000000088000000, 0x0000000088100000, 0x0000000088100000|100%|HS|  |TAMS 0x0000000088100000, 0x0000000088000000| Complete 
| 129|0x0000000088100000, 0x0000000088200000, 0x0000000088200000|100%|HC|  |TAMS 0x0000000088200000, 0x0000000088100000| Complete 
| 130|0x0000000088200000, 0x0000000088300000, 0x0000000088300000|100%| O|  |TAMS 0x0000000088300000, 0x0000000088200000| Untracked 
| 131|0x0000000088300000, 0x0000000088400000, 0x0000000088400000|100%| O|  |TAMS 0x0000000088400000, 0x0000000088300000| Complete 
| 132|0x0000000088400000, 0x0000000088500000, 0x0000000088500000|100%| O|  |TAMS 0x0000000088500000, 0x0000000088400000| Untracked 
| 133|0x0000000088500000, 0x0000000088600000, 0x0000000088600000|100%| O|  |TAMS 0x0000000088600000, 0x0000000088500000| Untracked 
| 134|0x0000000088600000, 0x0000000088700000, 0x0000000088700000|100%| O|  |TAMS 0x0000000088700000, 0x0000000088600000| Untracked 
| 135|0x0000000088700000, 0x0000000088800000, 0x0000000088800000|100%| O|  |TAMS 0x0000000088800000, 0x0000000088700000| Untracked 
| 136|0x0000000088800000, 0x0000000088900000, 0x0000000088900000|100%| O|  |TAMS 0x0000000088900000, 0x0000000088800000| Untracked 
| 137|0x0000000088900000, 0x0000000088a00000, 0x0000000088a00000|100%| O|  |TAMS 0x0000000088a00000, 0x0000000088900000| Untracked 
| 138|0x0000000088a00000, 0x0000000088a50a00, 0x0000000088b00000| 31%| O|  |TAMS 0x0000000088a50a00, 0x0000000088a00000| Untracked 
| 139|0x0000000088b00000, 0x0000000088c00000, 0x0000000088c00000|100%|HS|  |TAMS 0x0000000088c00000, 0x0000000088b00000| Complete 
| 140|0x0000000088c00000, 0x0000000088d00000, 0x0000000088d00000|100%|HC|  |TAMS 0x0000000088d00000, 0x0000000088c00000| Complete 
| 141|0x0000000088d00000, 0x0000000088d00000, 0x0000000088e00000|  0%| F|  |TAMS 0x0000000088d00000, 0x0000000088d00000| Untracked 
| 142|0x0000000088e00000, 0x0000000088e00000, 0x0000000088f00000|  0%| F|  |TAMS 0x0000000088e00000, 0x0000000088e00000| Untracked 
| 143|0x0000000088f00000, 0x0000000088f00000, 0x0000000089000000|  0%| F|  |TAMS 0x0000000088f00000, 0x0000000088f00000| Untracked 
| 144|0x0000000089000000, 0x0000000089000000, 0x0000000089100000|  0%| F|  |TAMS 0x0000000089000000, 0x0000000089000000| Untracked 
| 145|0x0000000089100000, 0x0000000089100000, 0x0000000089200000|  0%| F|  |TAMS 0x0000000089100000, 0x0000000089100000| Untracked 
| 146|0x0000000089200000, 0x0000000089200000, 0x0000000089300000|  0%| F|  |TAMS 0x0000000089200000, 0x0000000089200000| Untracked 
| 147|0x0000000089300000, 0x0000000089300000, 0x0000000089400000|  0%| F|  |TAMS 0x0000000089300000, 0x0000000089300000| Untracked 
| 148|0x0000000089400000, 0x0000000089400000, 0x0000000089500000|  0%| F|  |TAMS 0x0000000089400000, 0x0000000089400000| Untracked 
| 149|0x0000000089500000, 0x0000000089500000, 0x0000000089600000|  0%| F|  |TAMS 0x0000000089500000, 0x0000000089500000| Untracked 
| 150|0x0000000089600000, 0x0000000089600000, 0x0000000089700000|  0%| F|  |TAMS 0x0000000089600000, 0x0000000089600000| Untracked 
| 151|0x0000000089700000, 0x0000000089700000, 0x0000000089800000|  0%| F|  |TAMS 0x0000000089700000, 0x0000000089700000| Untracked 
| 152|0x0000000089800000, 0x0000000089800000, 0x0000000089900000|  0%| F|  |TAMS 0x0000000089800000, 0x0000000089800000| Untracked 
| 153|0x0000000089900000, 0x0000000089900000, 0x0000000089a00000|  0%| F|  |TAMS 0x0000000089900000, 0x0000000089900000| Untracked 
| 154|0x0000000089a00000, 0x0000000089a00000, 0x0000000089b00000|  0%| F|  |TAMS 0x0000000089a00000, 0x0000000089a00000| Untracked 
| 155|0x0000000089b00000, 0x0000000089b00000, 0x0000000089c00000|  0%| F|  |TAMS 0x0000000089b00000, 0x0000000089b00000| Untracked 
| 156|0x0000000089c00000, 0x0000000089c00000, 0x0000000089d00000|  0%| F|  |TAMS 0x0000000089c00000, 0x0000000089c00000| Untracked 
| 157|0x0000000089d00000, 0x0000000089d00000, 0x0000000089e00000|  0%| F|  |TAMS 0x0000000089d00000, 0x0000000089d00000| Untracked 
| 158|0x0000000089e00000, 0x0000000089e00000, 0x0000000089f00000|  0%| F|  |TAMS 0x0000000089e00000, 0x0000000089e00000| Untracked 
| 159|0x0000000089f00000, 0x0000000089f00000, 0x000000008a000000|  0%| F|  |TAMS 0x0000000089f00000, 0x0000000089f00000| Untracked 
| 160|0x000000008a000000, 0x000000008a000000, 0x000000008a100000|  0%| F|  |TAMS 0x000000008a000000, 0x000000008a000000| Untracked 
| 161|0x000000008a100000, 0x000000008a100000, 0x000000008a200000|  0%| F|  |TAMS 0x000000008a100000, 0x000000008a100000| Untracked 
| 162|0x000000008a200000, 0x000000008a200000, 0x000000008a300000|  0%| F|  |TAMS 0x000000008a200000, 0x000000008a200000| Untracked 
| 163|0x000000008a300000, 0x000000008a300000, 0x000000008a400000|  0%| F|  |TAMS 0x000000008a300000, 0x000000008a300000| Untracked 
| 164|0x000000008a400000, 0x000000008a400000, 0x000000008a500000|  0%| F|  |TAMS 0x000000008a400000, 0x000000008a400000| Untracked 
| 165|0x000000008a500000, 0x000000008a500000, 0x000000008a600000|  0%| F|  |TAMS 0x000000008a500000, 0x000000008a500000| Untracked 
| 166|0x000000008a600000, 0x000000008a600000, 0x000000008a700000|  0%| F|  |TAMS 0x000000008a600000, 0x000000008a600000| Untracked 
| 167|0x000000008a700000, 0x000000008a700000, 0x000000008a800000|  0%| F|  |TAMS 0x000000008a700000, 0x000000008a700000| Untracked 
| 168|0x000000008a800000, 0x000000008a800000, 0x000000008a900000|  0%| F|  |TAMS 0x000000008a800000, 0x000000008a800000| Untracked 
| 169|0x000000008a900000, 0x000000008a900000, 0x000000008aa00000|  0%| F|  |TAMS 0x000000008a900000, 0x000000008a900000| Untracked 
| 170|0x000000008aa00000, 0x000000008aa00000, 0x000000008ab00000|  0%| F|  |TAMS 0x000000008aa00000, 0x000000008aa00000| Untracked 
| 171|0x000000008ab00000, 0x000000008ab00000, 0x000000008ac00000|  0%| F|  |TAMS 0x000000008ab00000, 0x000000008ab00000| Untracked 
| 172|0x000000008ac00000, 0x000000008ac00000, 0x000000008ad00000|  0%| F|  |TAMS 0x000000008ac00000, 0x000000008ac00000| Untracked 
| 173|0x000000008ad00000, 0x000000008ad00000, 0x000000008ae00000|  0%| F|  |TAMS 0x000000008ad00000, 0x000000008ad00000| Untracked 
| 174|0x000000008ae00000, 0x000000008ae00000, 0x000000008af00000|  0%| F|  |TAMS 0x000000008ae00000, 0x000000008ae00000| Untracked 
| 175|0x000000008af00000, 0x000000008af00000, 0x000000008b000000|  0%| F|  |TAMS 0x000000008af00000, 0x000000008af00000| Untracked 
| 176|0x000000008b000000, 0x000000008b000000, 0x000000008b100000|  0%| F|  |TAMS 0x000000008b000000, 0x000000008b000000| Untracked 
| 177|0x000000008b100000, 0x000000008b100000, 0x000000008b200000|  0%| F|  |TAMS 0x000000008b100000, 0x000000008b100000| Untracked 
| 178|0x000000008b200000, 0x000000008b200000, 0x000000008b300000|  0%| F|  |TAMS 0x000000008b200000, 0x000000008b200000| Untracked 
| 179|0x000000008b300000, 0x000000008b300000, 0x000000008b400000|  0%| F|  |TAMS 0x000000008b300000, 0x000000008b300000| Untracked 
| 180|0x000000008b400000, 0x000000008b400000, 0x000000008b500000|  0%| F|  |TAMS 0x000000008b400000, 0x000000008b400000| Untracked 
| 181|0x000000008b500000, 0x000000008b500000, 0x000000008b600000|  0%| F|  |TAMS 0x000000008b500000, 0x000000008b500000| Untracked 
| 182|0x000000008b600000, 0x000000008b600000, 0x000000008b700000|  0%| F|  |TAMS 0x000000008b600000, 0x000000008b600000| Untracked 
| 183|0x000000008b700000, 0x000000008b700000, 0x000000008b800000|  0%| F|  |TAMS 0x000000008b700000, 0x000000008b700000| Untracked 
| 184|0x000000008b800000, 0x000000008b800000, 0x000000008b900000|  0%| F|  |TAMS 0x000000008b800000, 0x000000008b800000| Untracked 
| 185|0x000000008b900000, 0x000000008b9d6650, 0x000000008ba00000| 83%| S|CS|TAMS 0x000000008b900000, 0x000000008b900000| Complete 
| 186|0x000000008ba00000, 0x000000008bb00000, 0x000000008bb00000|100%| S|CS|TAMS 0x000000008ba00000, 0x000000008ba00000| Complete 
| 187|0x000000008bb00000, 0x000000008bc00000, 0x000000008bc00000|100%| S|CS|TAMS 0x000000008bb00000, 0x000000008bb00000| Complete 
| 188|0x000000008bc00000, 0x000000008bd00000, 0x000000008bd00000|100%| S|CS|TAMS 0x000000008bc00000, 0x000000008bc00000| Complete 
| 189|0x000000008bd00000, 0x000000008be00000, 0x000000008be00000|100%| S|CS|TAMS 0x000000008bd00000, 0x000000008bd00000| Complete 
| 190|0x000000008be00000, 0x000000008be00000, 0x000000008bf00000|  0%| F|  |TAMS 0x000000008be00000, 0x000000008be00000| Untracked 
| 191|0x000000008bf00000, 0x000000008bf00000, 0x000000008c000000|  0%| F|  |TAMS 0x000000008bf00000, 0x000000008bf00000| Untracked 
| 192|0x000000008c000000, 0x000000008c000000, 0x000000008c100000|  0%| F|  |TAMS 0x000000008c000000, 0x000000008c000000| Untracked 
| 193|0x000000008c100000, 0x000000008c100000, 0x000000008c200000|  0%| F|  |TAMS 0x000000008c100000, 0x000000008c100000| Untracked 
| 194|0x000000008c200000, 0x000000008c200000, 0x000000008c300000|  0%| F|  |TAMS 0x000000008c200000, 0x000000008c200000| Untracked 
| 195|0x000000008c300000, 0x000000008c300000, 0x000000008c400000|  0%| F|  |TAMS 0x000000008c300000, 0x000000008c300000| Untracked 
| 196|0x000000008c400000, 0x000000008c400000, 0x000000008c500000|  0%| F|  |TAMS 0x000000008c400000, 0x000000008c400000| Untracked 
| 197|0x000000008c500000, 0x000000008c500000, 0x000000008c600000|  0%| F|  |TAMS 0x000000008c500000, 0x000000008c500000| Untracked 
| 198|0x000000008c600000, 0x000000008c600000, 0x000000008c700000|  0%| F|  |TAMS 0x000000008c600000, 0x000000008c600000| Untracked 
| 199|0x000000008c700000, 0x000000008c700000, 0x000000008c800000|  0%| F|  |TAMS 0x000000008c700000, 0x000000008c700000| Untracked 
| 200|0x000000008c800000, 0x000000008c800000, 0x000000008c900000|  0%| F|  |TAMS 0x000000008c800000, 0x000000008c800000| Untracked 
| 201|0x000000008c900000, 0x000000008c900000, 0x000000008ca00000|  0%| F|  |TAMS 0x000000008c900000, 0x000000008c900000| Untracked 
| 202|0x000000008ca00000, 0x000000008ca00000, 0x000000008cb00000|  0%| F|  |TAMS 0x000000008ca00000, 0x000000008ca00000| Untracked 
| 203|0x000000008cb00000, 0x000000008cb00000, 0x000000008cc00000|  0%| F|  |TAMS 0x000000008cb00000, 0x000000008cb00000| Untracked 
| 204|0x000000008cc00000, 0x000000008cc00000, 0x000000008cd00000|  0%| F|  |TAMS 0x000000008cc00000, 0x000000008cc00000| Untracked 
| 205|0x000000008cd00000, 0x000000008cd00000, 0x000000008ce00000|  0%| F|  |TAMS 0x000000008cd00000, 0x000000008cd00000| Untracked 
| 206|0x000000008ce00000, 0x000000008ce00000, 0x000000008cf00000|  0%| F|  |TAMS 0x000000008ce00000, 0x000000008ce00000| Untracked 
| 207|0x000000008cf00000, 0x000000008cf00000, 0x000000008d000000|  0%| F|  |TAMS 0x000000008cf00000, 0x000000008cf00000| Untracked 
| 208|0x000000008d000000, 0x000000008d000000, 0x000000008d100000|  0%| F|  |TAMS 0x000000008d000000, 0x000000008d000000| Untracked 
| 209|0x000000008d100000, 0x000000008d100000, 0x000000008d200000|  0%| F|  |TAMS 0x000000008d100000, 0x000000008d100000| Untracked 
| 210|0x000000008d200000, 0x000000008d200000, 0x000000008d300000|  0%| F|  |TAMS 0x000000008d200000, 0x000000008d200000| Untracked 
| 211|0x000000008d300000, 0x000000008d300000, 0x000000008d400000|  0%| F|  |TAMS 0x000000008d300000, 0x000000008d300000| Untracked 
| 212|0x000000008d400000, 0x000000008d400000, 0x000000008d500000|  0%| F|  |TAMS 0x000000008d400000, 0x000000008d400000| Untracked 
| 213|0x000000008d500000, 0x000000008d500000, 0x000000008d600000|  0%| F|  |TAMS 0x000000008d500000, 0x000000008d500000| Untracked 
| 214|0x000000008d600000, 0x000000008d600000, 0x000000008d700000|  0%| F|  |TAMS 0x000000008d600000, 0x000000008d600000| Untracked 
| 215|0x000000008d700000, 0x000000008d700000, 0x000000008d800000|  0%| F|  |TAMS 0x000000008d700000, 0x000000008d700000| Untracked 
| 216|0x000000008d800000, 0x000000008d800000, 0x000000008d900000|  0%| F|  |TAMS 0x000000008d800000, 0x000000008d800000| Untracked 
| 217|0x000000008d900000, 0x000000008d900000, 0x000000008da00000|  0%| F|  |TAMS 0x000000008d900000, 0x000000008d900000| Untracked 
| 218|0x000000008da00000, 0x000000008da00000, 0x000000008db00000|  0%| F|  |TAMS 0x000000008da00000, 0x000000008da00000| Untracked 
| 219|0x000000008db00000, 0x000000008db00000, 0x000000008dc00000|  0%| F|  |TAMS 0x000000008db00000, 0x000000008db00000| Untracked 
| 220|0x000000008dc00000, 0x000000008dc00000, 0x000000008dd00000|  0%| F|  |TAMS 0x000000008dc00000, 0x000000008dc00000| Untracked 
| 221|0x000000008dd00000, 0x000000008dd00000, 0x000000008de00000|  0%| F|  |TAMS 0x000000008dd00000, 0x000000008dd00000| Untracked 
| 222|0x000000008de00000, 0x000000008de00000, 0x000000008df00000|  0%| F|  |TAMS 0x000000008de00000, 0x000000008de00000| Untracked 
| 223|0x000000008df00000, 0x000000008df00000, 0x000000008e000000|  0%| F|  |TAMS 0x000000008df00000, 0x000000008df00000| Untracked 
| 224|0x000000008e000000, 0x000000008e000000, 0x000000008e100000|  0%| F|  |TAMS 0x000000008e000000, 0x000000008e000000| Untracked 
| 225|0x000000008e100000, 0x000000008e100000, 0x000000008e200000|  0%| F|  |TAMS 0x000000008e100000, 0x000000008e100000| Untracked 
| 226|0x000000008e200000, 0x000000008e200000, 0x000000008e300000|  0%| F|  |TAMS 0x000000008e200000, 0x000000008e200000| Untracked 
| 227|0x000000008e300000, 0x000000008e300000, 0x000000008e400000|  0%| F|  |TAMS 0x000000008e300000, 0x000000008e300000| Untracked 
| 228|0x000000008e400000, 0x000000008e400000, 0x000000008e500000|  0%| F|  |TAMS 0x000000008e400000, 0x000000008e400000| Untracked 
| 229|0x000000008e500000, 0x000000008e500000, 0x000000008e600000|  0%| F|  |TAMS 0x000000008e500000, 0x000000008e500000| Untracked 
| 230|0x000000008e600000, 0x000000008e600000, 0x000000008e700000|  0%| F|  |TAMS 0x000000008e600000, 0x000000008e600000| Untracked 
| 231|0x000000008e700000, 0x000000008e700000, 0x000000008e800000|  0%| F|  |TAMS 0x000000008e700000, 0x000000008e700000| Untracked 
| 232|0x000000008e800000, 0x000000008e800000, 0x000000008e900000|  0%| F|  |TAMS 0x000000008e800000, 0x000000008e800000| Untracked 
| 233|0x000000008e900000, 0x000000008e900000, 0x000000008ea00000|  0%| F|  |TAMS 0x000000008e900000, 0x000000008e900000| Untracked 
| 234|0x000000008ea00000, 0x000000008ea00000, 0x000000008eb00000|  0%| F|  |TAMS 0x000000008ea00000, 0x000000008ea00000| Untracked 
| 235|0x000000008eb00000, 0x000000008eb00000, 0x000000008ec00000|  0%| F|  |TAMS 0x000000008eb00000, 0x000000008eb00000| Untracked 
| 236|0x000000008ec00000, 0x000000008ec00000, 0x000000008ed00000|  0%| F|  |TAMS 0x000000008ec00000, 0x000000008ec00000| Untracked 
| 237|0x000000008ed00000, 0x000000008ed00000, 0x000000008ee00000|  0%| F|  |TAMS 0x000000008ed00000, 0x000000008ed00000| Untracked 
| 238|0x000000008ee00000, 0x000000008ee00000, 0x000000008ef00000|  0%| F|  |TAMS 0x000000008ee00000, 0x000000008ee00000| Untracked 
| 239|0x000000008ef00000, 0x000000008ef00000, 0x000000008f000000|  0%| F|  |TAMS 0x000000008ef00000, 0x000000008ef00000| Untracked 
| 240|0x000000008f000000, 0x000000008f000000, 0x000000008f100000|  0%| F|  |TAMS 0x000000008f000000, 0x000000008f000000| Untracked 
| 241|0x000000008f100000, 0x000000008f10b168, 0x000000008f200000|  4%| E|  |TAMS 0x000000008f100000, 0x000000008f100000| Complete 
| 242|0x000000008f200000, 0x000000008f300000, 0x000000008f300000|100%| E|CS|TAMS 0x000000008f200000, 0x000000008f200000| Complete 
| 243|0x000000008f300000, 0x000000008f400000, 0x000000008f400000|100%| E|CS|TAMS 0x000000008f300000, 0x000000008f300000| Complete 
| 244|0x000000008f400000, 0x000000008f500000, 0x000000008f500000|100%| E|CS|TAMS 0x000000008f400000, 0x000000008f400000| Complete 
| 245|0x000000008f500000, 0x000000008f600000, 0x000000008f600000|100%| E|CS|TAMS 0x000000008f500000, 0x000000008f500000| Complete 
| 246|0x000000008f600000, 0x000000008f700000, 0x000000008f700000|100%| E|CS|TAMS 0x000000008f600000, 0x000000008f600000| Complete 
| 247|0x000000008f700000, 0x000000008f800000, 0x000000008f800000|100%| E|CS|TAMS 0x000000008f700000, 0x000000008f700000| Complete 
| 248|0x000000008f800000, 0x000000008f900000, 0x000000008f900000|100%| E|CS|TAMS 0x000000008f800000, 0x000000008f800000| Complete 
| 249|0x000000008f900000, 0x000000008fa00000, 0x000000008fa00000|100%| E|CS|TAMS 0x000000008f900000, 0x000000008f900000| Complete 
| 250|0x000000008fa00000, 0x000000008fb00000, 0x000000008fb00000|100%| E|CS|TAMS 0x000000008fa00000, 0x000000008fa00000| Complete 
| 251|0x000000008fb00000, 0x000000008fc00000, 0x000000008fc00000|100%| E|CS|TAMS 0x000000008fb00000, 0x000000008fb00000| Complete 
| 252|0x000000008fc00000, 0x000000008fd00000, 0x000000008fd00000|100%| E|CS|TAMS 0x000000008fc00000, 0x000000008fc00000| Complete 
| 253|0x000000008fd00000, 0x000000008fe00000, 0x000000008fe00000|100%| E|CS|TAMS 0x000000008fd00000, 0x000000008fd00000| Complete 
| 254|0x000000008fe00000, 0x000000008ff00000, 0x000000008ff00000|100%| E|CS|TAMS 0x000000008fe00000, 0x000000008fe00000| Complete 
| 255|0x000000008ff00000, 0x0000000090000000, 0x0000000090000000|100%| E|CS|TAMS 0x000000008ff00000, 0x000000008ff00000| Complete 

Card table byte_map: [0x00000000159c0000,0x0000000015dc0000] _byte_map_base: 0x00000000155c0000

Marking Bits (Prev, Next): (CMBitMap*) 0x00000000002e0db8, (CMBitMap*) 0x00000000002e0df0
 Prev Bits: [0x00000000161c0000, 0x00000000181c0000)
 Next Bits: [0x00000000181c0000, 0x000000001a1c0000)

Polling page: 0x0000000000230000

Metaspace:

Usage:
  Non-class:    113.08 MB capacity,   111.32 MB ( 98%) used,     1.42 MB (  1%) free+waste,   338.69 KB ( <1%) overhead. 
      Class:     16.57 MB capacity,    15.53 MB ( 94%) used,   915.31 KB (  5%) free+waste,   147.31 KB ( <1%) overhead. 
       Both:    129.65 MB capacity,   126.85 MB ( 98%) used,     2.32 MB (  2%) free+waste,   486.00 KB ( <1%) overhead. 

Virtual space:
  Non-class space:      114.00 MB reserved,     113.27 MB (>99%) committed 
      Class space:        1.00 GB reserved,      16.57 MB (  2%) committed 
             Both:        1.11 GB reserved,     129.84 MB ( 11%) committed 

Chunk freelists:
   Non-Class:  1.00 KB
       Class:  0 bytes
        Both:  1.00 KB

MaxMetaspaceSize: 17179869184.00 GB
CompressedClassSpaceSize: 1.00 GB

CodeHeap 'non-profiled nmethods': size=120064Kb used=9925Kb max_used=9925Kb free=110138Kb
 bounds [0x000000000db40000, 0x000000000e500000, 0x0000000015080000]
CodeHeap 'profiled nmethods': size=120000Kb used=37200Kb max_used=37200Kb free=82799Kb
 bounds [0x0000000006610000, 0x0000000008a70000, 0x000000000db40000]
CodeHeap 'non-nmethods': size=5696Kb used=2346Kb max_used=2383Kb free=3350Kb
 bounds [0x0000000006080000, 0x00000000062f0000, 0x0000000006610000]
 total_blobs=17277 nmethods=16278 adapters=911
 compilation: enabled
              stopped_count=0, restarted_count=0
 full_count=0

Compilation events (20 events):
Event: 142.208 Thread 0x000000005d519800 16309       2       org.gradle.api.DefaultTask::getProject (5 bytes)
Event: 142.209 Thread 0x000000005d519800 nmethod 16309 0x0000000008a25a90 code [0x0000000008a25cc0, 0x0000000008a26128]
Event: 142.209 Thread 0x000000005d519800 16310       2       org.gradle.api.internal.tasks.properties.CompositePropertyVisitor::visitInputProperty (45 bytes)
Event: 142.209 Thread 0x000000005d519800 nmethod 16310 0x0000000008a26410 code [0x0000000008a265c0, 0x0000000008a26788]
Event: 142.210 Thread 0x000000005d519800 16307       2       org.gradle.api.internal.AbstractTask::getProject (9 bytes)
Event: 142.211 Thread 0x000000005d519800 nmethod 16307 0x0000000008a26910 code [0x0000000008a26b40, 0x0000000008a26fa8]
Event: 142.211 Thread 0x000000005d519800 16308       2       org.gradle.api.internal.AbstractTask::notifyProjectAccess (23 bytes)
Event: 142.211 Thread 0x000000005d519800 nmethod 16308 0x0000000008a27290 code [0x0000000008a274c0, 0x0000000008a27908]
Event: 142.211 Thread 0x000000005d519800 16306       1       org.gradle.api.internal.tasks.properties.InputFilePropertyType::getValidationAction (5 bytes)
Event: 142.211 Thread 0x000000005d519800 nmethod 16306 0x000000000e4ec810 code [0x000000000e4ec9c0, 0x000000000e4eca78]
Event: 142.234 Thread 0x000000005d519800 16311       1       java.lang.StackTraceElement::getLineNumber (5 bytes)
Event: 142.234 Thread 0x000000005d519800 nmethod 16311 0x000000000e4ecb10 code [0x000000000e4eccc0, 0x000000000e4ecd78]
Event: 142.234 Thread 0x000000005d519800 16312       1       java.lang.StackTraceElement::getFileName (5 bytes)
Event: 142.234 Thread 0x000000005d519800 nmethod 16312 0x000000000e4ece10 code [0x000000000e4ecfc0, 0x000000000e4ed078]
Event: 142.237 Thread 0x000000005d519800 16313       1       java.lang.StackTraceElement::getClassName (5 bytes)
Event: 142.237 Thread 0x000000005d519800 nmethod 16313 0x000000000e4ed110 code [0x000000000e4ed2c0, 0x000000000e4ed378]
Event: 142.237 Thread 0x000000005d519800 16314       2       org.codehaus.groovy.runtime.StackTraceUtils::isApplicationClass (84 bytes)
Event: 142.238 Thread 0x000000005d519800 nmethod 16314 0x0000000008a27b90 code [0x0000000008a27da0, 0x0000000008a281b8]
Event: 142.239 Thread 0x000000005d519800 16316   !   2       org.gradle.internal.event.DefaultListenerManager$EventBroadcast::maybeRemove (87 bytes)
Event: 142.239 Thread 0x000000005d519800 nmethod 16316 0x0000000008a28490 code [0x0000000008a286c0, 0x0000000008a28b58]

GC Heap History (20 events):
Event: 64.937 GC heap before
{Heap before GC invocations=42 (full 0):
 garbage-first heap   total 218112K, used 155197K [0x0000000080000000, 0x0000000100000000)
  region size 1024K, 52 young (53248K), 1 survivors (1024K)
 Metaspace       used 98643K, capacity 100863K, committed 101084K, reserved 1136640K
  class space    used 12350K, capacity 13194K, committed 13260K, reserved 1048576K
}
Event: 64.959 GC heap after
{Heap after GC invocations=43 (full 0):
 garbage-first heap   total 218112K, used 108380K [0x0000000080000000, 0x0000000100000000)
  region size 1024K, 6 young (6144K), 6 survivors (6144K)
 Metaspace       used 98643K, capacity 100863K, committed 101084K, reserved 1136640K
  class space    used 12350K, capacity 13194K, committed 13260K, reserved 1048576K
}
Event: 66.318 GC heap before
{Heap before GC invocations=44 (full 0):
 garbage-first heap   total 218112K, used 158556K [0x0000000080000000, 0x0000000100000000)
  region size 1024K, 57 young (58368K), 6 survivors (6144K)
 Metaspace       used 102011K, capacity 104243K, committed 104284K, reserved 1140736K
  class space    used 12775K, capacity 13613K, committed 13644K, reserved 1048576K
}
Event: 66.345 GC heap after
{Heap after GC invocations=45 (full 0):
 garbage-first heap   total 262144K, used 109900K [0x0000000080000000, 0x0000000100000000)
  region size 1024K, 3 young (3072K), 3 survivors (3072K)
 Metaspace       used 102011K, capacity 104243K, committed 104284K, reserved 1140736K
  class space    used 12775K, capacity 13613K, committed 13644K, reserved 1048576K
}
Event: 66.783 GC heap before
{Heap before GC invocations=45 (full 0):
 garbage-first heap   total 262144K, used 118092K [0x0000000080000000, 0x0000000100000000)
  region size 1024K, 12 young (12288K), 3 survivors (3072K)
 Metaspace       used 102385K, capacity 104623K, committed 104924K, reserved 1140736K
  class space    used 12813K, capacity 13657K, committed 13772K, reserved 1048576K
}
Event: 66.800 GC heap after
{Heap after GC invocations=46 (full 0):
 garbage-first heap   total 262144K, used 110284K [0x0000000080000000, 0x0000000100000000)
  region size 1024K, 2 young (2048K), 2 survivors (2048K)
 Metaspace       used 102385K, capacity 104623K, committed 104924K, reserved 1140736K
  class space    used 12813K, capacity 13657K, committed 13772K, reserved 1048576K
}
Event: 71.938 GC heap before
{Heap before GC invocations=46 (full 0):
 garbage-first heap   total 262144K, used 186060K [0x0000000080000000, 0x0000000100000000)
  region size 1024K, 77 young (78848K), 2 survivors (2048K)
 Metaspace       used 102608K, capacity 104852K, committed 105180K, reserved 1140736K
  class space    used 12832K, capacity 13668K, committed 13772K, reserved 1048576K
}
Event: 71.961 GC heap after
{Heap after GC invocations=47 (full 0):
 garbage-first heap   total 262144K, used 116447K [0x0000000080000000, 0x0000000100000000)
  region size 1024K, 8 young (8192K), 8 survivors (8192K)
 Metaspace       used 102608K, capacity 104852K, committed 105180K, reserved 1140736K
  class space    used 12832K, capacity 13668K, committed 13772K, reserved 1048576K
}
Event: 95.748 GC heap before
{Heap before GC invocations=47 (full 0):
 garbage-first heap   total 262144K, used 193247K [0x0000000080000000, 0x0000000100000000)
  region size 1024K, 84 young (86016K), 8 survivors (8192K)
 Metaspace       used 104510K, capacity 106814K, committed 106972K, reserved 1142784K
  class space    used 13045K, capacity 13894K, committed 14028K, reserved 1048576K
}
Event: 95.776 GC heap after
{Heap after GC invocations=48 (full 0):
 garbage-first heap   total 262144K, used 119601K [0x0000000080000000, 0x0000000100000000)
  region size 1024K, 6 young (6144K), 6 survivors (6144K)
 Metaspace       used 104510K, capacity 106814K, committed 106972K, reserved 1142784K
  class space    used 13045K, capacity 13894K, committed 14028K, reserved 1048576K
}
Event: 127.811 GC heap before
{Heap before GC invocations=48 (full 0):
 garbage-first heap   total 262144K, used 196401K [0x0000000080000000, 0x0000000100000000)
  region size 1024K, 82 young (83968K), 6 survivors (6144K)
 Metaspace       used 108545K, capacity 111006K, committed 111068K, reserved 1146880K
  class space    used 13581K, capacity 14485K, committed 14540K, reserved 1048576K
}
Event: 127.840 GC heap after
{Heap after GC invocations=49 (full 0):
 garbage-first heap   total 262144K, used 123697K [0x0000000080000000, 0x0000000100000000)
  region size 1024K, 10 young (10240K), 10 survivors (10240K)
 Metaspace       used 108545K, capacity 111006K, committed 111068K, reserved 1146880K
  class space    used 13581K, capacity 14485K, committed 14540K, reserved 1048576K
}
Event: 129.918 GC heap before
{Heap before GC invocations=49 (full 0):
 garbage-first heap   total 262144K, used 167729K [0x0000000080000000, 0x0000000100000000)
  region size 1024K, 53 young (54272K), 10 survivors (10240K)
 Metaspace       used 109009K, capacity 111597K, committed 111708K, reserved 1146880K
  class space    used 13608K, capacity 14565K, committed 14668K, reserved 1048576K
}
Event: 129.969 GC heap after
{Heap after GC invocations=50 (full 0):
 garbage-first heap   total 262144K, used 124556K [0x0000000080000000, 0x0000000100000000)
  region size 1024K, 1 young (1024K), 1 survivors (1024K)
 Metaspace       used 109009K, capacity 111597K, committed 111708K, reserved 1146880K
  class space    used 13608K, capacity 14565K, committed 14668K, reserved 1048576K
}
Event: 138.716 GC heap before
{Heap before GC invocations=51 (full 0):
 garbage-first heap   total 262144K, used 208524K [0x0000000080000000, 0x0000000100000000)
  region size 1024K, 75 young (76800K), 1 survivors (1024K)
 Metaspace       used 117972K, capacity 120850K, committed 120924K, reserved 1155072K
  class space    used 14545K, capacity 15640K, committed 15692K, reserved 1048576K
}
Event: 138.744 GC heap after
{Heap after GC invocations=52 (full 0):
 garbage-first heap   total 262144K, used 140288K [0x0000000080000000, 0x0000000100000000)
  region size 1024K, 10 young (10240K), 10 survivors (10240K)
 Metaspace       used 117972K, capacity 120850K, committed 120924K, reserved 1155072K
  class space    used 14545K, capacity 15640K, committed 15692K, reserved 1048576K
}
Event: 138.859 GC heap before
{Heap before GC invocations=52 (full 0):
 garbage-first heap   total 262144K, used 141312K [0x0000000080000000, 0x0000000100000000)
  region size 1024K, 12 young (12288K), 10 survivors (10240K)
 Metaspace       used 118492K, capacity 121362K, committed 121436K, reserved 1155072K
  class space    used 14564K, capacity 15640K, committed 15692K, reserved 1048576K
}
Event: 138.883 GC heap after
{Heap after GC invocations=53 (full 0):
 garbage-first heap   total 262144K, used 137538K [0x0000000080000000, 0x0000000100000000)
  region size 1024K, 1 young (1024K), 1 survivors (1024K)
 Metaspace       used 118492K, capacity 121362K, committed 121436K, reserved 1155072K
  class space    used 14564K, capacity 15640K, committed 15692K, reserved 1048576K
}
Event: 141.968 GC heap before
{Heap before GC invocations=53 (full 0):
 garbage-first heap   total 262144K, used 206146K [0x0000000080000000, 0x0000000100000000)
  region size 1024K, 66 young (67584K), 1 survivors (1024K)
 Metaspace       used 128786K, capacity 131555K, committed 131932K, reserved 1165312K
  class space    used 15750K, capacity 16838K, committed 16972K, reserved 1048576K
}
Event: 141.985 GC heap after
{Heap after GC invocations=54 (full 0):
 garbage-first heap   total 262144K, used 143516K [0x0000000080000000, 0x0000000100000000)
  region size 1024K, 5 young (5120K), 5 survivors (5120K)
 Metaspace       used 128786K, capacity 131555K, committed 131932K, reserved 1165312K
  class space    used 15750K, capacity 16838K, committed 16972K, reserved 1048576K
}

Deoptimization events (20 events):
Event: 142.214 Thread 0x0000000060ad7800 Uncommon trap: trap_request=0xffffffd6 fr.pc=0x000000000e43abfc relative=0x00000000000026dc
Event: 142.214 Thread 0x0000000060ad7800 Uncommon trap: reason=array_check action=maybe_recompile pc=0x000000000e43abfc method=java.util.TimSort.reverseRange([Ljava/lang/Object;II)V @ 27 c2
Event: 142.214 Thread 0x0000000060ad7800 DEOPT PACKING pc=0x000000000e43abfc sp=0x000000006298c1a0
Event: 142.214 Thread 0x0000000060ad7800 DEOPT UNPACKING pc=0x00000000060a61a9 sp=0x000000006298c068 mode 2
Event: 142.214 Thread 0x0000000060ad7800 Uncommon trap: trap_request=0xffffffd6 fr.pc=0x000000000e43abfc relative=0x00000000000026dc
Event: 142.214 Thread 0x0000000060ad7800 Uncommon trap: reason=array_check action=maybe_recompile pc=0x000000000e43abfc method=java.util.TimSort.reverseRange([Ljava/lang/Object;II)V @ 27 c2
Event: 142.214 Thread 0x0000000060ad7800 DEOPT PACKING pc=0x000000000e43abfc sp=0x000000006298c1a0
Event: 142.214 Thread 0x0000000060ad7800 DEOPT UNPACKING pc=0x00000000060a61a9 sp=0x000000006298c068 mode 2
Event: 142.235 Thread 0x0000000060ad0800 Uncommon trap: trap_request=0xffffff4d fr.pc=0x000000000dfa2218 relative=0x0000000000000338
Event: 142.235 Thread 0x0000000060ad0800 Uncommon trap: reason=unstable_if action=reinterpret pc=0x000000000dfa2218 method=java.util.regex.Matcher.search(I)Z @ 76 c2
Event: 142.235 Thread 0x0000000060ad0800 DEOPT PACKING pc=0x000000000dfa2218 sp=0x000000005e79b980
Event: 142.235 Thread 0x0000000060ad0800 DEOPT UNPACKING pc=0x00000000060a61a9 sp=0x000000005e79b8b0 mode 2
Event: 142.236 Thread 0x0000000060ad0800 Uncommon trap: trap_request=0xffffff4d fr.pc=0x000000000e3b3758 relative=0x00000000000002f8
Event: 142.236 Thread 0x0000000060ad0800 Uncommon trap: reason=unstable_if action=reinterpret pc=0x000000000e3b3758 method=java.util.regex.Matcher.search(I)Z @ 76 c2
Event: 142.236 Thread 0x0000000060ad0800 DEOPT PACKING pc=0x000000000e3b3758 sp=0x000000005e79b8f0
Event: 142.236 Thread 0x0000000060ad0800 DEOPT UNPACKING pc=0x00000000060a61a9 sp=0x000000005e79b8a0 mode 2
Event: 142.381 Thread 0x0000000060ad0800 Uncommon trap: trap_request=0xffffff4d fr.pc=0x000000000defeafc relative=0x00000000000001bc
Event: 142.381 Thread 0x0000000060ad0800 Uncommon trap: reason=unstable_if action=reinterpret pc=0x000000000defeafc method=org.gradle.internal.util.Trie.find(Ljava/lang/CharSequence;)Z @ 91 c2
Event: 142.381 Thread 0x0000000060ad0800 DEOPT PACKING pc=0x000000000defeafc sp=0x000000005e79b160
Event: 142.381 Thread 0x0000000060ad0800 DEOPT UNPACKING pc=0x00000000060a61a9 sp=0x000000005e79b0c8 mode 2

Classes redefined (0 events):
No events

Internal exceptions (20 events):
Event: 141.757 Thread 0x0000000063c5d800 Exception <a 'sun/nio/fs/WindowsException'{0x000000008c4490c0}> (0x000000008c4490c0) thrown at [./src/hotspot/share/prims/jni.cpp, line 615]
Event: 141.757 Thread 0x0000000063c5d800 Exception <a 'sun/nio/fs/WindowsException'{0x000000008c44a550}> (0x000000008c44a550) thrown at [./src/hotspot/share/prims/jni.cpp, line 615]
Event: 141.757 Thread 0x0000000063c5d800 Exception <a 'sun/nio/fs/WindowsException'{0x000000008c44a5d0}> (0x000000008c44a5d0) thrown at [./src/hotspot/share/prims/jni.cpp, line 615]
Event: 141.757 Thread 0x0000000063c5d800 Exception <a 'sun/nio/fs/WindowsException'{0x000000008c44ba28}> (0x000000008c44ba28) thrown at [./src/hotspot/share/prims/jni.cpp, line 615]
Event: 141.757 Thread 0x0000000063c5d800 Exception <a 'sun/nio/fs/WindowsException'{0x000000008c44baa8}> (0x000000008c44baa8) thrown at [./src/hotspot/share/prims/jni.cpp, line 615]
Event: 141.763 Thread 0x0000000063c5d800 Exception <a 'sun/nio/fs/WindowsException'{0x000000008c473480}> (0x000000008c473480) thrown at [./src/hotspot/share/prims/jni.cpp, line 615]
Event: 141.765 Thread 0x0000000063c5d800 Exception <a 'sun/nio/fs/WindowsException'{0x000000008c4830c8}> (0x000000008c4830c8) thrown at [./src/hotspot/share/prims/jni.cpp, line 615]
Event: 141.891 Thread 0x0000000063c5d800 Exception <a 'sun/nio/fs/WindowsException'{0x000000008c0d7030}> (0x000000008c0d7030) thrown at [./src/hotspot/share/prims/jni.cpp, line 615]
Event: 141.891 Thread 0x0000000063c5d800 Exception <a 'sun/nio/fs/WindowsException'{0x000000008c0d7a98}> (0x000000008c0d7a98) thrown at [./src/hotspot/share/prims/jni.cpp, line 615]
Event: 142.173 Thread 0x0000000063c5d800 Exception <a 'sun/nio/fs/WindowsException'{0x000000008ff21a60}> (0x000000008ff21a60) thrown at [./src/hotspot/share/prims/jni.cpp, line 615]
Event: 142.173 Thread 0x0000000063c5d800 Exception <a 'sun/nio/fs/WindowsException'{0x000000008ff224f0}> (0x000000008ff224f0) thrown at [./src/hotspot/share/prims/jni.cpp, line 615]
Event: 142.176 Thread 0x0000000063c5d800 Exception <a 'java/lang/OutOfMemoryError'{0x000000008ff60990}> (0x000000008ff60990) thrown at [./src/hotspot/share/prims/jni.cpp, line 636]
Event: 142.177 Thread 0x0000000063c5d800 Exception <a 'java/lang/OutOfMemoryError'{0x000000008ff62b20}> (0x000000008ff62b20) thrown at [./src/hotspot/share/prims/jni.cpp, line 636]
Event: 142.177 Thread 0x0000000063c5d800 Exception <a 'java/lang/reflect/InvocationTargetException'{0x000000008ff63098}> (0x000000008ff63098) thrown at [./src/hotspot/share/runtime/reflection.cpp, line 1247]
Event: 142.177 Thread 0x0000000063c5d800 Exception <a 'java/lang/OutOfMemoryError'{0x000000008ff64ed8}> (0x000000008ff64ed8) thrown at [./src/hotspot/share/prims/jni.cpp, line 636]
Event: 142.178 Thread 0x0000000063c5d800 Exception <a 'java/lang/reflect/InvocationTargetException'{0x000000008ff6e278}> (0x000000008ff6e278) thrown at [./src/hotspot/share/runtime/reflection.cpp, line 1247]
Event: 142.179 Thread 0x000000005d56b000 Implicit null exception at 0x000000000ddfac0b to 0x000000000ddfb3b8
Event: 142.179 Thread 0x000000005d56b000 Implicit null exception at 0x000000000ddfbc10 to 0x000000000ddfc374
Event: 142.213 Thread 0x0000000060ad7800 Exception <a 'java/lang/NoSuchMethodError'{0x000000008fcc7f38}: <clinit>> (0x000000008fcc7f38) thrown at [./src/hotspot/share/prims/jni.cpp, line 1362]
Event: 142.214 Thread 0x0000000060ad7800 Exception <a 'java/lang/NoSuchMethodError'{0x000000008fcdac90}: <clinit>> (0x000000008fcdac90) thrown at [./src/hotspot/share/prims/jni.cpp, line 1362]

Events (20 events):
Event: 142.307 Executing VM operation: RevokeBias
Event: 142.307 Executing VM operation: RevokeBias done
Event: 142.307 Executing VM operation: RevokeBias
Event: 142.307 Thread 0x0000000063c58800 Thread exited: 0x0000000063c58800
Event: 142.307 Executing VM operation: RevokeBias done
Event: 142.308 loading class org/gradle/api/services/BuildService
Event: 142.308 loading class org/gradle/api/services/BuildService done
Event: 142.308 loading class org/gradle/api/services/BuildService
Event: 142.308 loading class org/gradle/api/services/BuildService done
Event: 142.308 loading class org/gradle/api/services/internal/BuildServiceProvider
Event: 142.308 loading class org/gradle/api/services/internal/BuildServiceProvider done
Event: 142.309 loading class com/android/ide/common/attribution/AndroidGradlePluginAttributionData
Event: 142.309 loading class com/android/ide/common/attribution/AndroidGradlePluginAttributionData done
Event: 142.309 Thread 0x0000000063c59800 Thread exited: 0x0000000063c59800
Event: 142.344 Executing VM operation: CGC_Operation
Event: 142.379 Executing VM operation: CGC_Operation done
Event: 142.381 loading class com/android/ide/common/attribution/AndroidGradlePluginAttributionData$Companion
Event: 142.381 loading class com/android/ide/common/attribution/AndroidGradlePluginAttributionData$Companion done
Event: 142.383 loading class com/android/builder/utils/SynchronizedFile
Event: 142.383 loading class com/android/builder/utils/SynchronizedFile done


Dynamic libraries:
0x000000013fb30000 - 0x000000013fb3a000 	D:\TeachMeSkills\Android Studio\jre\bin\java.exe
0x0000000077400000 - 0x00000000775a9000 	C:\Windows\SYSTEM32\ntdll.dll
0x00000000772e0000 - 0x0000000077400000 	C:\Windows\system32\kernel32.dll
0x000007fefd3d0000 - 0x000007fefd43c000 	C:\Windows\system32\KERNELBASE.dll
0x000007fef38a0000 - 0x000007fef38b9000 	D:\TeachMeSkills\Android Studio\jre\bin\jli.dll
0x000007fefbb90000 - 0x000007fefbd84000 	C:\Windows\WinSxS\amd64_microsoft.windows.common-controls_6595b64144ccf1df_6.0.7601.18837_none_fa3b1e3d17594757\COMCTL32.dll
0x000007fefe660000 - 0x000007fefe6ff000 	C:\Windows\system32\msvcrt.dll
0x000007fefed60000 - 0x000007fefedc7000 	C:\Windows\system32\GDI32.dll
0x00000000771e0000 - 0x00000000772da000 	C:\Windows\system32\USER32.dll
0x000007fefed00000 - 0x000007fefed0e000 	C:\Windows\system32\LPK.dll
0x000007fefd560000 - 0x000007fefd629000 	C:\Windows\system32\USP10.dll
0x000007fefea70000 - 0x000007fefeae1000 	C:\Windows\system32\SHLWAPI.dll
0x000007fef3c10000 - 0x000007fef3c27000 	D:\TeachMeSkills\Android Studio\jre\bin\VCRUNTIME140.dll
0x000007fef7960000 - 0x000007fef7964000 	C:\Windows\system32\api-ms-win-crt-runtime-l1-1-0.dll
0x000007fef73a0000 - 0x000007fef7494000 	C:\Windows\system32\ucrtbase.DLL
0x000007fef7910000 - 0x000007fef7913000 	C:\Windows\system32\api-ms-win-core-timezone-l1-1-0.dll
0x000007fef7920000 - 0x000007fef7923000 	C:\Windows\system32\api-ms-win-core-file-l2-1-0.dll
0x000007fef77d0000 - 0x000007fef77d3000 	C:\Windows\system32\api-ms-win-core-localization-l1-2-0.dll
0x000007fefc410000 - 0x000007fefc413000 	C:\Windows\system32\api-ms-win-core-synch-l1-2-0.dll
0x000007fef7900000 - 0x000007fef7903000 	C:\Windows\system32\api-ms-win-core-processthreads-l1-1-1.dll
0x000007fef77c0000 - 0x000007fef77c3000 	C:\Windows\system32\api-ms-win-core-file-l1-2-0.dll
0x000007fef77a0000 - 0x000007fef77a4000 	C:\Windows\system32\api-ms-win-crt-string-l1-1-0.dll
0x000007fef77b0000 - 0x000007fef77b3000 	C:\Windows\system32\api-ms-win-crt-heap-l1-1-0.dll
0x000007fef7790000 - 0x000007fef7794000 	C:\Windows\system32\api-ms-win-crt-stdio-l1-1-0.dll
0x000007fef7780000 - 0x000007fef7784000 	C:\Windows\system32\api-ms-win-crt-convert-l1-1-0.dll
0x000007fef7770000 - 0x000007fef7773000 	C:\Windows\system32\api-ms-win-crt-environment-l1-1-0.dll
0x000007fef7740000 - 0x000007fef7743000 	C:\Windows\system32\api-ms-win-crt-filesystem-l1-1-0.dll
0x000007fef7750000 - 0x000007fef7755000 	C:\Windows\system32\api-ms-win-crt-math-l1-1-0.dll
0x000007fef7270000 - 0x000007fef7273000 	C:\Windows\system32\api-ms-win-crt-locale-l1-1-0.dll
0x000007fefeaf0000 - 0x000007fefeb1e000 	C:\Windows\system32\IMM32.DLL
0x000007fefe430000 - 0x000007fefe539000 	C:\Windows\system32\MSCTF.dll
0x000007feeef00000 - 0x000007feeef9d000 	D:\TeachMeSkills\Android Studio\jre\bin\msvcp140.dll
0x000007fef67a0000 - 0x000007fef67a5000 	C:\Windows\system32\api-ms-win-crt-multibyte-l1-1-0.dll
0x000007fef7730000 - 0x000007fef7733000 	C:\Windows\system32\api-ms-win-crt-time-l1-1-0.dll
0x000007fef7760000 - 0x000007fef7763000 	C:\Windows\system32\api-ms-win-crt-utility-l1-1-0.dll
0x000007fef0350000 - 0x000007fef0e25000 	D:\TeachMeSkills\Android Studio\jre\bin\server\jvm.dll
0x000007feff630000 - 0x000007feff70b000 	C:\Windows\system32\ADVAPI32.dll
0x000007fefe700000 - 0x000007fefe71f000 	C:\Windows\SYSTEM32\sechost.dll
0x000007feff460000 - 0x000007feff58d000 	C:\Windows\system32\RPCRT4.dll
0x000007fef7950000 - 0x000007fef7959000 	C:\Windows\system32\WSOCK32.dll
0x000007fefed10000 - 0x000007fefed5d000 	C:\Windows\system32\WS2_32.dll
0x000007fefd630000 - 0x000007fefd638000 	C:\Windows\system32\NSI.dll
0x000007fefbd90000 - 0x000007fefbdcb000 	C:\Windows\system32\WINMM.dll
0x000007fefc220000 - 0x000007fefc22c000 	C:\Windows\system32\VERSION.dll
0x00000000775d0000 - 0x00000000775d7000 	C:\Windows\system32\PSAPI.DLL
0x000007fef7710000 - 0x000007fef7721000 	D:\TeachMeSkills\Android Studio\jre\bin\verify.dll
0x000007fef5d80000 - 0x000007fef5ea5000 	C:\Windows\system32\DBGHELP.DLL
0x000007fef76e0000 - 0x000007fef7709000 	D:\TeachMeSkills\Android Studio\jre\bin\java.dll
0x000007fef76d0000 - 0x000007fef76db000 	D:\TeachMeSkills\Android Studio\jre\bin\jimage.dll
0x000007fef7380000 - 0x000007fef7398000 	D:\TeachMeSkills\Android Studio\jre\bin\zip.dll
0x000007fefd640000 - 0x000007fefe3c9000 	C:\Windows\system32\SHELL32.dll
0x000007fefedd0000 - 0x000007fefefd3000 	C:\Windows\system32\ole32.dll
0x000007fefd1b0000 - 0x000007fefd1bf000 	C:\Windows\system32\profapi.dll
0x000007fef7360000 - 0x000007fef737a000 	D:\TeachMeSkills\Android Studio\jre\bin\net.dll
0x000007fef59d0000 - 0x000007fef5a41000 	C:\Windows\system32\WINHTTP.dll
0x000007fef5960000 - 0x000007fef59c4000 	C:\Windows\system32\webio.dll
0x000007fefc980000 - 0x000007fefc9d5000 	C:\Windows\system32\mswsock.dll
0x000007fefc970000 - 0x000007fefc977000 	C:\Windows\System32\wship6.dll
0x000007fef7340000 - 0x000007fef7354000 	D:\TeachMeSkills\Android Studio\jre\bin\nio.dll
0x000007fef37e0000 - 0x000007fef3807000 	C:\Users\\.gradle\native\e1d6ef7f7dcc3fd88c89a11ec53ec762bb8ba0a96d01ffa2cd45eb1d1d8dd5c5\windows-amd64\native-platform.dll
0x000007fef76c0000 - 0x000007fef76ca000 	D:\TeachMeSkills\Android Studio\jre\bin\management.dll
0x000007fef7320000 - 0x000007fef732d000 	D:\TeachMeSkills\Android Studio\jre\bin\management_ext.dll
0x000007fefc9e0000 - 0x000007fefc9f7000 	C:\Windows\system32\CRYPTSP.dll
0x000007fefc6a0000 - 0x000007fefc6e7000 	C:\Windows\system32\rsaenh.dll
0x000007fefd1e0000 - 0x000007fefd1fe000 	C:\Windows\system32\USERENV.dll
0x000007fefd040000 - 0x000007fefd04f000 	C:\Windows\system32\CRYPTBASE.dll
0x000007fefaec0000 - 0x000007fefaee7000 	C:\Windows\system32\IPHLPAPI.DLL
0x000007fefaea0000 - 0x000007fefaeab000 	C:\Windows\system32\WINNSI.DLL
0x000007fefacf0000 - 0x000007fefad08000 	C:\Windows\system32\dhcpcsvc.DLL
0x000007fefacd0000 - 0x000007feface1000 	C:\Windows\system32\dhcpcsvc6.DLL
0x000007fefcfe0000 - 0x000007fefd037000 	C:\Windows\system32\apphelp.dll
0x000007fef3570000 - 0x000007fef358e000 	C:\Temp\native-platform7486201014689515799dir\native-platform.dll
0x000007fef5ca0000 - 0x000007fef5ca8000 	D:\TeachMeSkills\Android Studio\jre\bin\rmi.dll
0x000007fefafd0000 - 0x000007fefafe5000 	C:\Windows\system32\NLAapi.dll
0x000007fef3530000 - 0x000007fef3545000 	C:\Windows\system32\napinsp.dll
0x000007fef3510000 - 0x000007fef3529000 	C:\Windows\system32\pnrpnsp.dll
0x000007fefc7c0000 - 0x000007fefc81b000 	C:\Windows\system32\DNSAPI.dll
0x000007fef3500000 - 0x000007fef350b000 	C:\Windows\System32\winrnr.dll
0x000007fefc2f0000 - 0x000007fefc2f7000 	C:\Windows\System32\wshtcpip.dll
0x000007fef97d0000 - 0x000007fef97d8000 	C:\Windows\system32\rasadhlp.dll
0x000007fefad20000 - 0x000007fefad73000 	C:\Windows\System32\fwpuclnt.dll
0x0000000062240000 - 0x000000006231c000 	C:\Temp\sqlite-3.36.0-ca860cf4-6d2d-4d19-ac32-ccbad951abf4-sqlitejdbc.dll

dbghelp: loaded successfully - version: 4.0.5 - missing functions: none
symbol engine: initialized successfully - sym options: 0x614 - pdb path: .;D:\TeachMeSkills\Android Studio\jre\bin;C:\Windows\SYSTEM32;C:\Windows\WinSxS\amd64_microsoft.windows.common-controls_6595b64144ccf1df_6.0.7601.18837_none_fa3b1e3d17594757;D:\TeachMeSkills\Android Studio\jre\bin\server;C:\Users\\.gradle\native\e1d6ef7f7dcc3fd88c89a11ec53ec762bb8ba0a96d01ffa2cd45eb1d1d8dd5c5\windows-amd64;C:\Temp\native-platform7486201014689515799dir;C:\Temp

VM Arguments:
jvm_args: --add-opens=java.base/java.util=ALL-UNNAMED --add-opens=java.base/java.lang=ALL-UNNAMED --add-opens=java.base/java.lang.invoke=ALL-UNNAMED --add-opens=java.base/java.util=ALL-UNNAMED --add-opens=java.prefs/java.util.prefs=ALL-UNNAMED --add-opens=java.prefs/java.util.prefs=ALL-UNNAMED --add-opens=java.base/java.nio.charset=ALL-UNNAMED --add-opens=java.base/java.net=ALL-UNNAMED --add-opens=java.base/java.util.concurrent.atomic=ALL-UNNAMED -Xmx2048m -Dfile.encoding=UTF-8 -Duser.country=RU -Duser.language=ru -Duser.variant 
java_command: org.gradle.launcher.daemon.bootstrap.GradleDaemon 7.2
java_class_path (initial): C:\Users\\.gradle\wrapper\dists\gradle-7.2-bin\2dnblmf4td7x66yl1d74lt32g\gradle-7.2\lib\gradle-launcher-7.2.jar
Launcher Type: SUN_STANDARD

[Global flags]
     intx CICompilerCount                          = 2                                         {product} {ergonomic}
     uint ConcGCThreads                            = 1                                         {product} {ergonomic}
     uint G1ConcRefinementThreads                  = 2                                         {product} {ergonomic}
   size_t G1HeapRegionSize                         = 1048576                                   {product} {ergonomic}
    uintx GCDrainStackTargetSize                   = 64                                        {product} {ergonomic}
   size_t InitialHeapSize                          = 127926272                                 {product} {ergonomic}
   size_t MarkStackSize                            = 4194304                                   {product} {ergonomic}
   size_t MaxHeapSize                              = 2147483648                                {product} {command line}
   size_t MaxNewSize                               = 1287651328                                {product} {ergonomic}
   size_t MinHeapDeltaBytes                        = 1048576                                   {product} {ergonomic}
    uintx NonNMethodCodeHeapSize                   = 5825164                                {pd product} {ergonomic}
    uintx NonProfiledCodeHeapSize                  = 122916538                              {pd product} {ergonomic}
    uintx ProfiledCodeHeapSize                     = 122916538                              {pd product} {ergonomic}
    uintx ReservedCodeCacheSize                    = 251658240                              {pd product} {ergonomic}
     bool SegmentedCodeCache                       = true                                      {product} {ergonomic}
     bool UseCompressedClassPointers               = true                                 {lp64_product} {ergonomic}
     bool UseCompressedOops                        = true                                 {lp64_product} {ergonomic}
     bool UseG1GC                                  = true                                      {product} {ergonomic}
     bool UseLargePagesIndividualAllocation        = false                                  {pd product} {ergonomic}

Logging:
Log output configuration:
 #0: stdout all=warning uptime,level,tags
 #1: stderr all=off uptime,level,tags

Environment Variables:
PATH=C:\Program Files (x86)\Common Files\Intel\Shared Libraries\redist\intel64\compiler;C:\Program Files\Broadcom\Broadcom 802.11 Network Adapter\Driver;C:\Windows\system32;C:\Windows;C:\Windows\System32\Wbem;C:\Windows\System32\WindowsPowerShell\v1.0\;D:\TeachMeSkills\Git\cmd
USERNAME=
OS=Windows_NT
PROCESSOR_IDENTIFIER=Intel64 Family 6 Model 42 Stepping 7, GenuineIntel



---------------  S Y S T E M  ---------------

OS: Windows 7 , 64 bit Build 7601 (6.1.7601.19018)
OS uptime: 0 days 15:03 hours

CPU:total 2 (initial active 2) (2 cores per cpu, 1 threads per core) family 6 model 42 stepping 7 microcode 0x0, cmov, cx8, fxsr, mmx, sse, sse2, sse3, ssse3, sse4.1, sse4.2, popcnt, clmul, tsc, tscinvbit

Memory: 4k page, system-wide physical 7769M (853M free)
TotalPageFile size 9967M (AvailPageFile size 9M)
current process WorkingSet (physical memory assigned to process): 587M, peak: 589M
current process commit charge ("private bytes"): 611M, peak: 615M

vm_info: OpenJDK 64-Bit Server VM (11.0.11+9-b60-7590822) for windows-amd64 JRE (11.0.11+9-b60-7590822), built on Jul 29 2021 21:43:44 by "builder" with MS VC++ 14.0 (VS2015)

END.
